mode: set
github.com/stwrtrio/movie-festival/internal/services/movie_service.go:35.97,37.2 1 0
github.com/stwrtrio/movie-festival/internal/services/movie_service.go:39.84,41.28 2 0
github.com/stwrtrio/movie-festival/internal/services/movie_service.go:41.28,45.3 3 0
github.com/stwrtrio/movie-festival/internal/services/movie_service.go:47.2,47.31 1 0
github.com/stwrtrio/movie-festival/internal/services/movie_service.go:47.31,49.3 1 0
github.com/stwrtrio/movie-festival/internal/services/movie_service.go:50.2,50.34 1 0
github.com/stwrtrio/movie-festival/internal/services/movie_service.go:53.84,56.16 2 0
github.com/stwrtrio/movie-festival/internal/services/movie_service.go:56.16,59.3 2 0
github.com/stwrtrio/movie-festival/internal/services/movie_service.go:61.2,61.25 1 0
github.com/stwrtrio/movie-festival/internal/services/movie_service.go:61.25,65.3 3 0
github.com/stwrtrio/movie-festival/internal/services/movie_service.go:67.2,67.34 1 0
github.com/stwrtrio/movie-festival/internal/services/movie_service.go:70.87,72.2 1 0
github.com/stwrtrio/movie-festival/internal/services/movie_service.go:74.134,76.47 1 0
github.com/stwrtrio/movie-festival/internal/services/movie_service.go:76.47,78.3 1 0
github.com/stwrtrio/movie-festival/internal/services/movie_service.go:81.2,82.16 2 0
github.com/stwrtrio/movie-festival/internal/services/movie_service.go:82.16,85.3 2 0
github.com/stwrtrio/movie-festival/internal/services/movie_service.go:87.2,87.24 1 0
github.com/stwrtrio/movie-festival/internal/services/movie_service.go:91.101,93.2 1 0
github.com/stwrtrio/movie-festival/internal/services/movie_service.go:96.110,101.16 3 0
github.com/stwrtrio/movie-festival/internal/services/movie_service.go:101.16,105.17 3 0
github.com/stwrtrio/movie-festival/internal/services/movie_service.go:105.17,107.4 1 0
github.com/stwrtrio/movie-festival/internal/services/movie_service.go:111.2,112.16 2 0
github.com/stwrtrio/movie-festival/internal/services/movie_service.go:112.16,114.3 1 0
github.com/stwrtrio/movie-festival/internal/services/movie_service.go:117.2,118.16 2 0
github.com/stwrtrio/movie-festival/internal/services/movie_service.go:118.16,120.17 2 0
github.com/stwrtrio/movie-festival/internal/services/movie_service.go:120.17,122.4 1 0
github.com/stwrtrio/movie-festival/internal/services/movie_service.go:124.3,124.59 1 0
github.com/stwrtrio/movie-festival/internal/services/movie_service.go:127.2,127.20 1 0
github.com/stwrtrio/movie-festival/internal/services/movie_service.go:130.115,132.2 1 0
github.com/stwrtrio/movie-festival/internal/services/movie_service.go:134.82,136.2 1 0
github.com/stwrtrio/movie-festival/internal/services/movie_service.go:35.97,37.2 1 1
github.com/stwrtrio/movie-festival/internal/services/movie_service.go:39.84,41.28 2 1
github.com/stwrtrio/movie-festival/internal/services/movie_service.go:41.28,45.3 3 0
github.com/stwrtrio/movie-festival/internal/services/movie_service.go:47.2,47.31 1 1
github.com/stwrtrio/movie-festival/internal/services/movie_service.go:47.31,49.3 1 1
github.com/stwrtrio/movie-festival/internal/services/movie_service.go:50.2,50.34 1 1
github.com/stwrtrio/movie-festival/internal/services/movie_service.go:53.84,56.16 2 1
github.com/stwrtrio/movie-festival/internal/services/movie_service.go:56.16,59.3 2 1
github.com/stwrtrio/movie-festival/internal/services/movie_service.go:61.2,61.25 1 1
github.com/stwrtrio/movie-festival/internal/services/movie_service.go:61.25,65.3 3 1
github.com/stwrtrio/movie-festival/internal/services/movie_service.go:67.2,67.34 1 1
github.com/stwrtrio/movie-festival/internal/services/movie_service.go:70.87,72.2 1 1
github.com/stwrtrio/movie-festival/internal/services/movie_service.go:74.134,76.47 1 1
github.com/stwrtrio/movie-festival/internal/services/movie_service.go:76.47,78.3 1 1
github.com/stwrtrio/movie-festival/internal/services/movie_service.go:81.2,82.16 2 1
github.com/stwrtrio/movie-festival/internal/services/movie_service.go:82.16,85.3 2 1
github.com/stwrtrio/movie-festival/internal/services/movie_service.go:87.2,87.24 1 1
github.com/stwrtrio/movie-festival/internal/services/movie_service.go:91.101,93.2 1 1
github.com/stwrtrio/movie-festival/internal/services/movie_service.go:96.110,101.16 3 0
github.com/stwrtrio/movie-festival/internal/services/movie_service.go:101.16,105.17 3 0
github.com/stwrtrio/movie-festival/internal/services/movie_service.go:105.17,107.4 1 0
github.com/stwrtrio/movie-festival/internal/services/movie_service.go:111.2,112.16 2 0
github.com/stwrtrio/movie-festival/internal/services/movie_service.go:112.16,114.3 1 0
github.com/stwrtrio/movie-festival/internal/services/movie_service.go:117.2,118.16 2 0
github.com/stwrtrio/movie-festival/internal/services/movie_service.go:118.16,120.17 2 0
github.com/stwrtrio/movie-festival/internal/services/movie_service.go:120.17,122.4 1 0
github.com/stwrtrio/movie-festival/internal/services/movie_service.go:124.3,124.59 1 0
github.com/stwrtrio/movie-festival/internal/services/movie_service.go:127.2,127.20 1 0
github.com/stwrtrio/movie-festival/internal/services/movie_service.go:130.115,132.2 1 1
github.com/stwrtrio/movie-festival/internal/services/movie_service.go:134.82,136.2 1 1
